[09:46:56] [Server thread/INFO]: Loading properties
[09:46:56] [Server thread/INFO]: Default game type: SURVIVAL
[09:46:56] [Server thread/INFO]: This server is running CraftBukkit version git-Spigot-596221b-9a1fc1e (MC: 1.12) (Implementing API version 1.12-R0.1-SNAPSHOT)
[09:46:56] [Server thread/INFO]: Debug logging is disabled
[09:46:56] [Server thread/INFO]: Server Ping Player Sample Count: 12

[09:46:56] [Server thread/INFO]: Using 4 threads for Netty based IO
[09:46:56] [Server thread/INFO]: Generating keypair
[09:46:56] [Server thread/INFO]: Starting Minecraft server on *:25565
[09:46:56] [Server thread/INFO]: Using default channel type
[09:46:57] [Server thread/INFO]: Set PluginClassLoader as parallel capable
[09:46:57] [Server thread/INFO]: [RaspberryJuice] Loading RaspberryJuice v1.11
[09:46:57] [Server thread/INFO]: **** Beginning UUID conversion, this may take A LONG time ****
[09:46:57] [Server thread/INFO]: Preparing level "world"
[09:46:57] [Server thread/INFO]: -------- World Settings For [world] --------
[09:46:57] [Server thread/INFO]: Item Merge Radius: 2.5
[09:46:57] [Server thread/INFO]: Item Despawn Rate: 6000
[09:46:57] [Server thread/INFO]: Arrow Despawn Rate: 1200
[09:46:57] [Server thread/INFO]: Zombie Aggressive Towards Villager: true
[09:46:57] [Server thread/INFO]: View Distance: 10
[09:46:57] [Server thread/INFO]: Experience Merge Radius: 3.0
[09:46:57] [Server thread/INFO]: Allow Zombie Pigmen to spawn from portal blocks: true
[09:46:57] [Server thread/INFO]: Nerfing mobs spawned from spawners: false
[09:46:57] [Server thread/INFO]: Mob Spawn Range: 4
[09:46:57] [Server thread/INFO]: Entity Tracking Range: Pl 48 / An 48 / Mo 48 / Mi 32 / Other 64
[09:46:57] [Server thread/INFO]: Cactus Growth Modifier: 100%
[09:46:57] [Server thread/INFO]: Cane Growth Modifier: 100%
[09:46:57] [Server thread/INFO]: Melon Growth Modifier: 100%
[09:46:57] [Server thread/INFO]: Mushroom Growth Modifier: 100%
[09:46:57] [Server thread/INFO]: Pumpkin Growth Modifier: 100%
[09:46:57] [Server thread/INFO]: Sapling Growth Modifier: 100%
[09:46:57] [Server thread/INFO]: Wheat Growth Modifier: 100%
[09:46:57] [Server thread/INFO]: NetherWart Growth Modifier: 100%
[09:46:57] [Server thread/INFO]: Vine Growth Modifier: 100%
[09:46:57] [Server thread/INFO]: Cocoa Growth Modifier: 100%
[09:46:57] [Server thread/INFO]: Entity Activation Range: An 32 / Mo 32 / Mi 16
[09:46:57] [Server thread/INFO]: Hopper Transfer: 8 Hopper Check: 1 Hopper Amount: 1
[09:46:57] [Server thread/INFO]: Custom Map Seeds:  Village: 10387312 Feature: 14357617 Monument: 10387313 Slime: 987234911
[09:46:57] [Server thread/INFO]: Structure Info Saving: true
[09:46:57] [Server thread/INFO]: Random Lighting Updates: false
[09:46:57] [Server thread/INFO]: Tile Max Tick Time: 50ms Entity max Tick Time: 50ms
[09:46:57] [Server thread/INFO]: Max TNT Explosions: 100
[09:46:57] [Server thread/INFO]: -------- World Settings For [world_nether] --------
[09:46:57] [Server thread/INFO]: Item Merge Radius: 2.5
[09:46:57] [Server thread/INFO]: Item Despawn Rate: 6000
[09:46:57] [Server thread/INFO]: Arrow Despawn Rate: 1200
[09:46:57] [Server thread/INFO]: Zombie Aggressive Towards Villager: true
[09:46:57] [Server thread/INFO]: View Distance: 10
[09:46:57] [Server thread/INFO]: Experience Merge Radius: 3.0
[09:46:57] [Server thread/INFO]: Allow Zombie Pigmen to spawn from portal blocks: true
[09:46:57] [Server thread/INFO]: Nerfing mobs spawned from spawners: false
[09:46:57] [Server thread/INFO]: Mob Spawn Range: 4
[09:46:57] [Server thread/INFO]: Entity Tracking Range: Pl 48 / An 48 / Mo 48 / Mi 32 / Other 64
[09:46:57] [Server thread/INFO]: Cactus Growth Modifier: 100%
[09:46:57] [Server thread/INFO]: Cane Growth Modifier: 100%
[09:46:57] [Server thread/INFO]: Melon Growth Modifier: 100%
[09:46:57] [Server thread/INFO]: Mushroom Growth Modifier: 100%
[09:46:57] [Server thread/INFO]: Pumpkin Growth Modifier: 100%
[09:46:57] [Server thread/INFO]: Sapling Growth Modifier: 100%
[09:46:57] [Server thread/INFO]: Wheat Growth Modifier: 100%
[09:46:57] [Server thread/INFO]: NetherWart Growth Modifier: 100%
[09:46:57] [Server thread/INFO]: Vine Growth Modifier: 100%
[09:46:57] [Server thread/INFO]: Cocoa Growth Modifier: 100%
[09:46:57] [Server thread/INFO]: Entity Activation Range: An 32 / Mo 32 / Mi 16
[09:46:57] [Server thread/INFO]: Hopper Transfer: 8 Hopper Check: 1 Hopper Amount: 1
[09:46:57] [Server thread/INFO]: Custom Map Seeds:  Village: 10387312 Feature: 14357617 Monument: 10387313 Slime: 987234911
[09:46:57] [Server thread/INFO]: Structure Info Saving: true
[09:46:57] [Server thread/INFO]: Random Lighting Updates: false
[09:46:57] [Server thread/INFO]: Tile Max Tick Time: 50ms Entity max Tick Time: 50ms
[09:46:57] [Server thread/INFO]: Max TNT Explosions: 100
[09:46:57] [Server thread/INFO]: -------- World Settings For [world_the_end] --------
[09:46:57] [Server thread/INFO]: Item Merge Radius: 2.5
[09:46:57] [Server thread/INFO]: Item Despawn Rate: 6000
[09:46:57] [Server thread/INFO]: Arrow Despawn Rate: 1200
[09:46:57] [Server thread/INFO]: Zombie Aggressive Towards Villager: true
[09:46:57] [Server thread/INFO]: View Distance: 10
[09:46:57] [Server thread/INFO]: Experience Merge Radius: 3.0
[09:46:57] [Server thread/INFO]: Allow Zombie Pigmen to spawn from portal blocks: true
[09:46:57] [Server thread/INFO]: Nerfing mobs spawned from spawners: false
[09:46:57] [Server thread/INFO]: Mob Spawn Range: 4
[09:46:57] [Server thread/INFO]: Entity Tracking Range: Pl 48 / An 48 / Mo 48 / Mi 32 / Other 64
[09:46:57] [Server thread/INFO]: Cactus Growth Modifier: 100%
[09:46:57] [Server thread/INFO]: Cane Growth Modifier: 100%
[09:46:57] [Server thread/INFO]: Melon Growth Modifier: 100%
[09:46:57] [Server thread/INFO]: Mushroom Growth Modifier: 100%
[09:46:57] [Server thread/INFO]: Pumpkin Growth Modifier: 100%
[09:46:57] [Server thread/INFO]: Sapling Growth Modifier: 100%
[09:46:57] [Server thread/INFO]: Wheat Growth Modifier: 100%
[09:46:57] [Server thread/INFO]: NetherWart Growth Modifier: 100%
[09:46:57] [Server thread/INFO]: Vine Growth Modifier: 100%
[09:46:57] [Server thread/INFO]: Cocoa Growth Modifier: 100%
[09:46:57] [Server thread/INFO]: Entity Activation Range: An 32 / Mo 32 / Mi 16
[09:46:57] [Server thread/INFO]: Hopper Transfer: 8 Hopper Check: 1 Hopper Amount: 1
[09:46:57] [Server thread/INFO]: Custom Map Seeds:  Village: 10387312 Feature: 14357617 Monument: 10387313 Slime: 987234911
[09:46:57] [Server thread/INFO]: Structure Info Saving: true
[09:46:57] [Server thread/INFO]: Random Lighting Updates: false
[09:46:57] [Server thread/INFO]: Tile Max Tick Time: 50ms Entity max Tick Time: 50ms
[09:46:57] [Server thread/INFO]: Max TNT Explosions: 100
[09:46:57] [Server thread/INFO]: Preparing start region for level 0 (Seed: -2948864639534662918)
[09:46:58] [Server thread/INFO]: Preparing start region for level 1 (Seed: -4212310529100780909)
[09:46:59] [Server thread/INFO]: Preparing spawn area: 94%
[09:46:59] [Server thread/INFO]: Preparing start region for level 2 (Seed: -4212310529100780909)
[09:46:59] [Server thread/INFO]: [RaspberryJuice] Enabling RaspberryJuice v1.11
[09:46:59] [Server thread/INFO]: [RaspberryJuice] Using port 4711
[09:46:59] [Server thread/INFO]: [RaspberryJuice] Using RELATIVE locations
[09:46:59] [Server thread/INFO]: [RaspberryJuice] Using RIGHT clicks for hits
[09:46:59] [Server thread/INFO]: [RaspberryJuice] ThreadListener Started
[09:46:59] [Server thread/INFO]: Server permissions file permissions.yml is empty, ignoring it
[09:46:59] [Server thread/INFO]: Done (2,615s)! For help, type "help" or "?"
[09:48:38] [User Authenticator #1/INFO]: UUID of player TheTaxary is 6b7b323d-10ca-4f57-9de4-06091b54d602
[09:48:38] [Server thread/INFO]: TheTaxary[/127.0.0.1:52998] logged in with entity id 55 at ([world]479.0564581060459, 4.0, 1873.6452938178381)
[09:49:18] [Server thread/INFO]: TheTaxary lost connection: Disconnected
[09:49:18] [Server thread/INFO]: TheTaxary left the game
[09:49:21] [User Authenticator #2/INFO]: UUID of player TheTaxary is 6b7b323d-10ca-4f57-9de4-06091b54d602
[09:49:21] [Server thread/INFO]: TheTaxary[/127.0.0.1:53002] logged in with entity id 15686 at ([world]467.7548480247967, 4.0, 1878.5818445203229)
[09:55:16] [Thread-5/INFO]: [RaspberryJuice] Opened connection to/127.0.0.1:53127.
[09:55:16] [Thread-6/INFO]: [RaspberryJuice] Starting input thread
[09:55:16] [Thread-7/INFO]: [RaspberryJuice] Starting output thread!
[09:58:34] [Server thread/INFO]: TheTaxary lost connection: Disconnected
[09:58:34] [Server thread/INFO]: TheTaxary left the game
[09:58:57] [Thread-6/INFO]: [RaspberryJuice] Connection reset
[09:58:57] [Server thread/INFO]: [RaspberryJuice] Closed connection to/127.0.0.1:53127.
